<?xml version="1.0" encoding="UTF-8"?>
<!-- Generated by org.testng.reporters.JUnitXMLReporter -->
<testsuite hostname="DESKTOP-STISU0V" ignored="0" name="Default test" tests="3" failures="0" timestamp="2020-12-03T20:48:33 IST" time="0.193" errors="0">
  <testcase name="printData" time="0.018" classname="test.DataProviderEX"/>
  <testcase name="printData" time="0.004" classname="test.DataProviderEX"/>
  <testcase name="printData" time="0.015" classname="test.DataProviderEX"/>
</testsuite> <!-- Default test -->
