<?xml version="1.0" encoding="UTF-8"?>
<!-- Generated by org.testng.reporters.JUnitXMLReporter -->
<testsuite hostname="DESKTOP-STISU0V" ignored="1" name="Car Loan" tests="2" failures="0" timestamp="2020-12-03T21:04:00 IST" time="0.011" errors="0">
  <testcase name="LoginAPICarLoan" time="0.002" classname="test.day3"/>
  <testcase name="WebLoginCarLoan" time="0.001" classname="test.day3"/>
  <testcase name="MobileLoginCarLoan" time="0.0" classname="test.day3">
    <ignored/>
  </testcase> <!-- MobileLoginCarLoan -->
</testsuite> <!-- Car Loan -->
