<?xml version="1.0" encoding="UTF-8"?>
<!-- Generated by org.testng.reporters.JUnitXMLReporter -->
<testsuite hostname="DESKTOP-STISU0V" ignored="9" name="Personal Loan" tests="1" failures="0" timestamp="2020-12-03T21:04:00 IST" time="0.093" errors="0">
  <testcase name="Login" time="0.022" classname="test.day5"/>
  <testcase name="WebLoginHomeLoan" time="0.0" classname="test.day4">
    <ignored/>
  </testcase> <!-- WebLoginHomeLoan -->
  <testcase name="demo" time="0.0" classname="test.day1">
    <ignored/>
  </testcase> <!-- demo -->
  <testcase name="demo1" time="0.0" classname="test.day2">
    <ignored/>
  </testcase> <!-- demo1 -->
  <testcase name="printData" time="0.0" classname="test.DataProviderEX">
    <ignored/>
  </testcase> <!-- printData -->
  <testcase name="d" time="0.0" classname="test.day5">
    <ignored/>
  </testcase> <!-- d -->
  <testcase name="MobileLoginHomeLoan" time="0.0" classname="test.day4">
    <ignored/>
  </testcase> <!-- MobileLoginHomeLoan -->
  <testcase name="demo1" time="0.0" classname="test.day1">
    <ignored/>
  </testcase> <!-- demo1 -->
  <testcase name="LoginAPIHomeLoan" time="0.0" classname="test.day4">
    <ignored/>
  </testcase> <!-- LoginAPIHomeLoan -->
  <testcase name="e" time="0.0" classname="test.day5">
    <ignored/>
  </testcase> <!-- e -->
</testsuite> <!-- Personal Loan -->
