<?xml version="1.0" encoding="UTF-8"?>
<testng-results skipped="0" failed="0" ignored="10" total="13" passed="3">
  <reporter-output>
  </reporter-output>
  <suite name="Loan Department" duration-ms="183" started-at="2020-12-03T21:04:00 IST" finished-at="2020-12-03T21:04:00 IST">
    <groups>
      <group name="smoke">
        <method signature="day5.Login(java.lang.String, java.lang.String)[pri:0, instance:test.day5@6536e911]" name="Login" class="test.day5"/>
      </group> <!-- smoke -->
    </groups>
    <test name="Personal Loan" duration-ms="93" started-at="2020-12-03T21:04:00 IST" finished-at="2020-12-03T21:04:00 IST">
      <class name="test.day5">
        <test-method status="PASS" signature="Login(java.lang.String, java.lang.String)[pri:0, instance:test.day5@6536e911]" name="Login" duration-ms="22" started-at="2020-12-03T21:04:00 IST" finished-at="2020-12-03T21:04:00 IST">
          <params>
            <param index="0">
              <value>
                <![CDATA[rahulshettyacademy]]>
              </value>
            </param>
            <param index="1">
              <value>
                <![CDATA[selenium]]>
              </value>
            </param>
          </params>
          <reporter-output>
          </reporter-output>
        </test-method> <!-- Login -->
      </class> <!-- test.day5 -->
    </test> <!-- Personal Loan -->
    <test name="Car Loan" duration-ms="11" started-at="2020-12-03T21:04:00 IST" finished-at="2020-12-03T21:04:00 IST">
      <class name="test.day3">
        <test-method status="PASS" signature="LoginAPICarLoan()[pri:0, instance:test.day3@3701eaf6]" name="LoginAPICarLoan" duration-ms="2" started-at="2020-12-03T21:04:00 IST" finished-at="2020-12-03T21:04:00 IST">
          <reporter-output>
          </reporter-output>
        </test-method> <!-- LoginAPICarLoan -->
        <test-method status="PASS" signature="WebLoginCarLoan()[pri:0, instance:test.day3@3701eaf6]" name="WebLoginCarLoan" duration-ms="1" started-at="2020-12-03T21:04:00 IST" finished-at="2020-12-03T21:04:00 IST">
          <reporter-output>
          </reporter-output>
        </test-method> <!-- WebLoginCarLoan -->
      </class> <!-- test.day3 -->
    </test> <!-- Car Loan -->
  </suite> <!-- Loan Department -->
</testng-results>
